<?xml version="1.0" encoding="UTF-8"?>
<testsuite xmlns:xsi="http://www.w3.org/2001/XMLSchema-instance" xsi:noNamespaceSchemaLocation="https://maven.apache.org/surefire/maven-surefire-plugin/xsd/surefire-test-report.xsd" version="3.0.1" name="com.draft.apitest.EmailsInCommentsValidityTest" time="4.319" tests="1" errors="0" skipped="0" failures="0">
  <properties>
[...]
</properties>
  <testcase name="givenUsername_whenGetCommentsUnderUserPosts_thenEachShouldHaveProperEmailFormat(String)[1]" classname="com.draft.apitest.EmailsInCommentsValidityTest" time="4.23">
    <system-out><![CDATA[Request method:	GET
Request URI:	https://jsonplaceholder.typicode.com/users
HTTP/1.1 200 OK
id: 1 | username: Bret
id: 2 | username: Antonette
id: 3 | username: Samantha
id: 4 | username: Karianne
id: 5 | username: Kamren
id: 6 | username: Leopoldo_Corkery
id: 7 | username: Elwyn.Skiles
id: 8 | username: Maxime_Nienow
id: 9 | username: Delphine
id: 10 | username: Moriah.Stanton
- Retreiving posts and corresponding comments for user(Delphine):
Request method:	GET
Request URI:	https://jsonplaceholder.typicode.com/posts?userId=9
HTTP/1.1 200 OK
Request method:	GET
Request URI:	https://jsonplaceholder.typicode.com/comments?postId=81
HTTP/1.1 200 OK
-- postId: 81
---- commentId: 401 | email: Vella.Mayer@colten.net
---- commentId: 402 | email: Caleb_Dach@kathleen.us
---- commentId: 403 | email: Patience_Bahringer@dameon.biz
---- commentId: 404 | email: Destinee.Simonis@jose.tv
---- commentId: 405 | email: Keshaun@brown.biz
Request method:	GET
Request URI:	https://jsonplaceholder.typicode.com/comments?postId=82
HTTP/1.1 200 OK
-- postId: 82
---- commentId: 406 | email: Merle.Schultz@marcel.org
---- commentId: 407 | email: Malvina_Fay@louie.name
---- commentId: 408 | email: Domenick_Douglas@gabe.us
---- commentId: 409 | email: Isaac@allene.net
---- commentId: 410 | email: Marianna.Pacocha@george.net
Request method:	GET
Request URI:	https://jsonplaceholder.typicode.com/comments?postId=83
HTTP/1.1 200 OK
-- postId: 83
---- commentId: 411 | email: Sister_Barton@lela.com
---- commentId: 412 | email: Autumn.Lebsack@kasandra.ca
---- commentId: 413 | email: Irma.OKon@arden.me
---- commentId: 414 | email: Alaina_Hammes@carter.info
---- commentId: 415 | email: Alia@addison.org
Request method:	GET
Request URI:	https://jsonplaceholder.typicode.com/comments?postId=84
HTTP/1.1 200 OK
-- postId: 84
---- commentId: 416 | email: Aurelie_McKenzie@providenci.biz
---- commentId: 417 | email: May_Steuber@virgil.net
---- commentId: 418 | email: Tessie@emilie.co.uk
---- commentId: 419 | email: Priscilla@colten.org
---- commentId: 420 | email: Aylin@abigale.me
Request method:	GET
Request URI:	https://jsonplaceholder.typicode.com/comments?postId=85
HTTP/1.1 200 OK
-- postId: 85
---- commentId: 421 | email: Holden@kenny.io
---- commentId: 422 | email: Guillermo_Dare@dorothea.tv
---- commentId: 423 | email: Oscar@pearline.com
---- commentId: 424 | email: Jonathon_Feest@maxime.io
---- commentId: 425 | email: Micah_Wolf@lennie.co.uk
Request method:	GET
Request URI:	https://jsonplaceholder.typicode.com/comments?postId=86
HTTP/1.1 200 OK
-- postId: 86
---- commentId: 426 | email: Shany@daisha.biz
---- commentId: 427 | email: Drew_Lemke@alexis.net
---- commentId: 428 | email: Karina.Donnelly@liam.com
---- commentId: 429 | email: Ahmed_Runolfsson@claire.name
---- commentId: 430 | email: Marilou_Halvorson@kane.io
Request method:	GET
Request URI:	https://jsonplaceholder.typicode.com/comments?postId=87
HTTP/1.1 200 OK
-- postId: 87
---- commentId: 431 | email: Bernie.Schoen@seamus.co.uk
---- commentId: 432 | email: Joesph@darryl.net
---- commentId: 433 | email: Timmothy.Corwin@augustus.co.uk
---- commentId: 434 | email: Julien_OHara@vance.io
---- commentId: 435 | email: Susan.Bartell@euna.org
Request method:	GET
Request URI:	https://jsonplaceholder.typicode.com/comments?postId=88
HTTP/1.1 200 OK
-- postId: 88
---- commentId: 436 | email: Selena.Quigley@johan.co.uk
---- commentId: 437 | email: Clifton_Boehm@jacynthe.io
---- commentId: 438 | email: Lizzie_Bartell@diamond.net
---- commentId: 439 | email: Yasmeen@golda.ca
---- commentId: 440 | email: Adolf.Russel@clark.ca
Request method:	GET
Request URI:	https://jsonplaceholder.typicode.com/comments?postId=89
HTTP/1.1 200 OK
-- postId: 89
---- commentId: 441 | email: Elian@matilda.me
---- commentId: 442 | email: Salma@francis.net
---- commentId: 443 | email: Orlando_Dickinson@vern.org
---- commentId: 444 | email: Elda@orval.name
---- commentId: 445 | email: Dennis@karley.net
Request method:	GET
Request URI:	https://jsonplaceholder.typicode.com/comments?postId=90
HTTP/1.1 200 OK
-- postId: 90
---- commentId: 446 | email: Jedediah@mason.io
---- commentId: 447 | email: Maryam@jack.name
---- commentId: 448 | email: Rick@carlos.tv
---- commentId: 449 | email: Vallie@jerrod.net
---- commentId: 450 | email: Adolph.Hayes@isobel.biz
]]></system-out>
  </testcase>
</testsuite>